[2019-10-05 15:41:53] local.INFO: CheckCurrentUser middlware was used: profile.edit.  [{"App\\Models\\User":{"id":2,"name":"bwiza","first_name":"Marquis","last_name":"Walker","email":"user@user.com","signup_ip_address":"221.98.198.136","signup_confirmation_ip_address":"156.228.173.68","signup_sm_ip_address":null,"admin_ip_address":null,"updated_ip_address":null,"deleted_ip_address":null,"created_at":"2019-10-05 15:34:20","updated_at":"2019-10-05 15:34:20","deleted_at":null,"profile":{"id":2,"user_id":2,"theme_id":1,"location":null,"bio":null,"twitter_username":null,"github_username":null,"avatar":null,"avatar_status":0,"created_at":"2019-10-05 15:34:20","updated_at":"2019-10-05 15:34:20"}}}] 
[2019-10-05 15:42:01] local.INFO: User Logged Out.  [{"App\\Models\\User":{"id":2,"name":"bwiza","first_name":"Marquis","last_name":"Walker","email":"user@user.com","signup_ip_address":"221.98.198.136","signup_confirmation_ip_address":"156.228.173.68","signup_sm_ip_address":null,"admin_ip_address":null,"updated_ip_address":null,"deleted_ip_address":null,"created_at":"2019-10-05 15:34:20","updated_at":"2019-10-05 15:34:20","deleted_at":null}}] 
[2019-10-05 15:44:53] local.ERROR: The payload is invalid. {"userId":1,"exception":"[object] (Illuminate\\Contracts\\Encryption\\DecryptException(code: 0): The payload is invalid. at /home/o/obaaa/projects/SudanHD/vendor/laravel/framework/src/Illuminate/Encryption/Encrypter.php:195)
[stacktrace]
#0 /home/o/obaaa/projects/SudanHD/vendor/laravel/framework/src/Illuminate/Encryption/Encrypter.php(136): Illuminate\\Encryption\\Encrypter->getJsonPayload(NULL)
#1 /home/o/obaaa/projects/SudanHD/vendor/laravel/framework/src/Illuminate/Support/Facades/Facade.php(239): Illuminate\\Encryption\\Encrypter->decrypt('bGFyYXZlbC0yMDE...')
#2 /home/o/obaaa/projects/SudanHD/vendor/rap2hpoutre/laravel-log-viewer/src/controllers/LogViewerController.php(54): Illuminate\\Support\\Facades\\Facade::__callStatic('decrypt', Array)
#3 [internal function]: Rap2hpoutre\\LaravelLogViewer\\LogViewerController->index()
#4 /home/o/obaaa/projects/SudanHD/vendor/laravel/framework/src/Illuminate/Routing/Controller.php(54): call_user_func_array(Array, Array)
#5 /home/o/obaaa/projects/SudanHD/vendor/laravel/framework/src/Illuminate/Routing/ControllerDispatcher.php(45): Illuminate\\Routing\\Controller->callAction('index', Array)
#6 /home/o/obaaa/projects/SudanHD/vendor/laravel/framework/src/Illuminate/Routing/Route.php(219): Illuminate\\Routing\\ControllerDispatcher->dispatch(Object(Illuminate\\Routing\\Route), Object(Rap2hpoutre\\LaravelLogViewer\\LogViewerController), 'index')
#7 /home/o/obaaa/projects/SudanHD/vendor/laravel/framework/src/Illuminate/Routing/Route.php(176): Illuminate\\Routing\\Route->runController()
#8 /home/o/obaaa/projects/SudanHD/vendor/laravel/framework/src/Illuminate/Routing/Router.php(680): Illuminate\\Routing\\Route->run()
#9 /home/o/obaaa/projects/SudanHD/vendor/laravel/framework/src/Illuminate/Pipeline/Pipeline.php(130): Illuminate\\Routing\\Router->Illuminate\\Routing\\{closure}(Object(Illuminate\\Http\\Request))
#10 /home/o/obaaa/projects/SudanHD/vendor/jeremykenedy/laravel-blocker/src/App/Http/Middleware/LaravelBlocker.php(27): Illuminate\\Pipeline\\Pipeline->Illuminate\\Pipeline\\{closure}(Object(Illuminate\\Http\\Request))
#11 /home/o/obaaa/projects/SudanHD/vendor/laravel/framework/src/Illuminate/Pipeline/Pipeline.php(171): jeremykenedy\\LaravelBlocker\\App\\Http\\Middleware\\LaravelBlocker->handle(Object(Illuminate\\Http\\Request), Object(Closure))
#12 /home/o/obaaa/projects/SudanHD/vendor/jeremykenedy/laravel2step/src/app/Http/Middleware/Laravel2step.php(23): Illuminate\\Pipeline\\Pipeline->Illuminate\\Pipeline\\{closure}(Object(Illuminate\\Http\\Request))
#13 /home/o/obaaa/projects/SudanHD/vendor/laravel/framework/src/Illuminate/Pipeline/Pipeline.php(171): jeremykenedy\\laravel2step\\App\\Http\\Middleware\\Laravel2step->handle(Object(Illuminate\\Http\\Request), Object(Closure))
#14 /home/o/obaaa/projects/SudanHD/vendor/jeremykenedy/laravel-logger/src/app/Http/Middleware/LogActivity.php(27): Illuminate\\Pipeline\\Pipeline->Illuminate\\Pipeline\\{closure}(Object(Illuminate\\Http\\Request))
#15 /home/o/obaaa/projects/SudanHD/vendor/laravel/framework/src/Illuminate/Pipeline/Pipeline.php(171): jeremykenedy\\LaravelLogger\\App\\Http\\Middleware\\LogActivity->handle(Object(Illuminate\\Http\\Request), Object(Closure))
#16 /home/o/obaaa/projects/SudanHD/vendor/jeremykenedy/laravel-roles/src/App/Http/Middleware/VerifyRole.php(41): Illuminate\\Pipeline\\Pipeline->Illuminate\\Pipeline\\{closure}(Object(Illuminate\\Http\\Request))
#17 /home/o/obaaa/projects/SudanHD/vendor/laravel/framework/src/Illuminate/Pipeline/Pipeline.php(171): jeremykenedy\\LaravelRoles\\App\\Http\\Middleware\\VerifyRole->handle(Object(Illuminate\\Http\\Request), Object(Closure), 'admin')
#18 /home/o/obaaa/projects/SudanHD/app/Http/Middleware/CheckIsUserActivated.php(83): Illuminate\\Pipeline\\Pipeline->Illuminate\\Pipeline\\{closure}(Object(Illuminate\\Http\\Request))
#19 /home/o/obaaa/projects/SudanHD/vendor/laravel/framework/src/Illuminate/Pipeline/Pipeline.php(171): App\\Http\\Middleware\\CheckIsUserActivated->handle(Object(Illuminate\\Http\\Request), Object(Closure))
#20 /home/o/obaaa/projects/SudanHD/vendor/laravel/framework/src/Illuminate/Routing/Middleware/SubstituteBindings.php(41): Illuminate\\Pipeline\\Pipeline->Illuminate\\Pipeline\\{closure}(Object(Illuminate\\Http\\Request))
#21 /home/o/obaaa/projects/SudanHD/vendor/laravel/framework/src/Illuminate/Pipeline/Pipeline.php(171): Illuminate\\Routing\\Middleware\\SubstituteBindings->handle(Object(Illuminate\\Http\\Request), Object(Closure))
#22 /home/o/obaaa/projects/SudanHD/vendor/laravel/framework/src/Illuminate/Auth/Middleware/Authenticate.php(43): Illuminate\\Pipeline\\Pipeline->Illuminate\\Pipeline\\{closure}(Object(Illuminate\\Http\\Request))
#23 /home/o/obaaa/projects/SudanHD/vendor/laravel/framework/src/Illuminate/Pipeline/Pipeline.php(171): Illuminate\\Auth\\Middleware\\Authenticate->handle(Object(Illuminate\\Http\\Request), Object(Closure))
#24 /home/o/obaaa/projects/SudanHD/vendor/laravel/framework/src/Illuminate/Foundation/Http/Middleware/VerifyCsrfToken.php(76): Illuminate\\Pipeline\\Pipeline->Illuminate\\Pipeline\\{closure}(Object(Illuminate\\Http\\Request))
#25 /home/o/obaaa/projects/SudanHD/vendor/laravel/framework/src/Illuminate/Pipeline/Pipeline.php(171): Illuminate\\Foundation\\Http\\Middleware\\VerifyCsrfToken->handle(Object(Illuminate\\Http\\Request), Object(Closure))
#26 /home/o/obaaa/projects/SudanHD/vendor/laravel/framework/src/Illuminate/View/Middleware/ShareErrorsFromSession.php(49): Illuminate\\Pipeline\\Pipeline->Illuminate\\Pipeline\\{closure}(Object(Illuminate\\Http\\Request))
#27 /home/o/obaaa/projects/SudanHD/vendor/laravel/framework/src/Illuminate/Pipeline/Pipeline.php(171): Illuminate\\View\\Middleware\\ShareErrorsFromSession->handle(Object(Illuminate\\Http\\Request), Object(Closure))
#28 /home/o/obaaa/projects/SudanHD/vendor/laravel/framework/src/Illuminate/Session/Middleware/StartSession.php(56): Illuminate\\Pipeline\\Pipeline->Illuminate\\Pipeline\\{closure}(Object(Illuminate\\Http\\Request))
#29 /home/o/obaaa/projects/SudanHD/vendor/laravel/framework/src/Illuminate/Pipeline/Pipeline.php(171): Illuminate\\Session\\Middleware\\StartSession->handle(Object(Illuminate\\Http\\Request), Object(Closure))
#30 /home/o/obaaa/projects/SudanHD/vendor/laravel/framework/src/Illuminate/Cookie/Middleware/AddQueuedCookiesToResponse.php(37): Illuminate\\Pipeline\\Pipeline->Illuminate\\Pipeline\\{closure}(Object(Illuminate\\Http\\Request))
#31 /home/o/obaaa/projects/SudanHD/vendor/laravel/framework/src/Illuminate/Pipeline/Pipeline.php(171): Illuminate\\Cookie\\Middleware\\AddQueuedCookiesToResponse->handle(Object(Illuminate\\Http\\Request), Object(Closure))
#32 /home/o/obaaa/projects/SudanHD/vendor/laravel/framework/src/Illuminate/Cookie/Middleware/EncryptCookies.php(66): Illuminate\\Pipeline\\Pipeline->Illuminate\\Pipeline\\{closure}(Object(Illuminate\\Http\\Request))
#33 /home/o/obaaa/projects/SudanHD/vendor/laravel/framework/src/Illuminate/Pipeline/Pipeline.php(171): Illuminate\\Cookie\\Middleware\\EncryptCookies->handle(Object(Illuminate\\Http\\Request), Object(Closure))
#34 /home/o/obaaa/projects/SudanHD/vendor/laravel/framework/src/Illuminate/Pipeline/Pipeline.php(105): Illuminate\\Pipeline\\Pipeline->Illuminate\\Pipeline\\{closure}(Object(Illuminate\\Http\\Request))
#35 /home/o/obaaa/projects/SudanHD/vendor/laravel/framework/src/Illuminate/Routing/Router.php(682): Illuminate\\Pipeline\\Pipeline->then(Object(Closure))
#36 /home/o/obaaa/projects/SudanHD/vendor/laravel/framework/src/Illuminate/Routing/Router.php(657): Illuminate\\Routing\\Router->runRouteWithinStack(Object(Illuminate\\Routing\\Route), Object(Illuminate\\Http\\Request))
#37 /home/o/obaaa/projects/SudanHD/vendor/laravel/framework/src/Illuminate/Routing/Router.php(623): Illuminate\\Routing\\Router->runRoute(Object(Illuminate\\Http\\Request), Object(Illuminate\\Routing\\Route))
#38 /home/o/obaaa/projects/SudanHD/vendor/laravel/framework/src/Illuminate/Routing/Router.php(612): Illuminate\\Routing\\Router->dispatchToRoute(Object(Illuminate\\Http\\Request))
#39 /home/o/obaaa/projects/SudanHD/vendor/laravel/framework/src/Illuminate/Foundation/Http/Kernel.php(176): Illuminate\\Routing\\Router->dispatch(Object(Illuminate\\Http\\Request))
#40 /home/o/obaaa/projects/SudanHD/vendor/laravel/framework/src/Illuminate/Pipeline/Pipeline.php(130): Illuminate\\Foundation\\Http\\Kernel->Illuminate\\Foundation\\Http\\{closure}(Object(Illuminate\\Http\\Request))
#41 /home/o/obaaa/projects/SudanHD/vendor/barryvdh/laravel-debugbar/src/Middleware/InjectDebugbar.php(65): Illuminate\\Pipeline\\Pipeline->Illuminate\\Pipeline\\{closure}(Object(Illuminate\\Http\\Request))
#42 /home/o/obaaa/projects/SudanHD/vendor/laravel/framework/src/Illuminate/Pipeline/Pipeline.php(171): Barryvdh\\Debugbar\\Middleware\\InjectDebugbar->handle(Object(Illuminate\\Http\\Request), Object(Closure))
#43 /home/o/obaaa/projects/SudanHD/vendor/fideloper/proxy/src/TrustProxies.php(57): Illuminate\\Pipeline\\Pipeline->Illuminate\\Pipeline\\{closure}(Object(Illuminate\\Http\\Request))
#44 /home/o/obaaa/projects/SudanHD/vendor/laravel/framework/src/Illuminate/Pipeline/Pipeline.php(171): Fideloper\\Proxy\\TrustProxies->handle(Object(Illuminate\\Http\\Request), Object(Closure))
#45 /home/o/obaaa/projects/SudanHD/vendor/laravel/framework/src/Illuminate/Foundation/Http/Middleware/TransformsRequest.php(21): Illuminate\\Pipeline\\Pipeline->Illuminate\\Pipeline\\{closure}(Object(Illuminate\\Http\\Request))
#46 /home/o/obaaa/projects/SudanHD/vendor/laravel/framework/src/Illuminate/Pipeline/Pipeline.php(171): Illuminate\\Foundation\\Http\\Middleware\\TransformsRequest->handle(Object(Illuminate\\Http\\Request), Object(Closure))
#47 /home/o/obaaa/projects/SudanHD/vendor/laravel/framework/src/Illuminate/Foundation/Http/Middleware/TransformsRequest.php(21): Illuminate\\Pipeline\\Pipeline->Illuminate\\Pipeline\\{closure}(Object(Illuminate\\Http\\Request))
#48 /home/o/obaaa/projects/SudanHD/vendor/laravel/framework/src/Illuminate/Pipeline/Pipeline.php(171): Illuminate\\Foundation\\Http\\Middleware\\TransformsRequest->handle(Object(Illuminate\\Http\\Request), Object(Closure))
#49 /home/o/obaaa/projects/SudanHD/vendor/laravel/framework/src/Illuminate/Foundation/Http/Middleware/ValidatePostSize.php(27): Illuminate\\Pipeline\\Pipeline->Illuminate\\Pipeline\\{closure}(Object(Illuminate\\Http\\Request))
#50 /home/o/obaaa/projects/SudanHD/vendor/laravel/framework/src/Illuminate/Pipeline/Pipeline.php(171): Illuminate\\Foundation\\Http\\Middleware\\ValidatePostSize->handle(Object(Illuminate\\Http\\Request), Object(Closure))
#51 /home/o/obaaa/projects/SudanHD/vendor/laravel/framework/src/Illuminate/Foundation/Http/Middleware/CheckForMaintenanceMode.php(62): Illuminate\\Pipeline\\Pipeline->Illuminate\\Pipeline\\{closure}(Object(Illuminate\\Http\\Request))
#52 /home/o/obaaa/projects/SudanHD/vendor/laravel/framework/src/Illuminate/Pipeline/Pipeline.php(171): Illuminate\\Foundation\\Http\\Middleware\\CheckForMaintenanceMode->handle(Object(Illuminate\\Http\\Request), Object(Closure))
#53 /home/o/obaaa/projects/SudanHD/vendor/laravel/framework/src/Illuminate/Pipeline/Pipeline.php(105): Illuminate\\Pipeline\\Pipeline->Illuminate\\Pipeline\\{closure}(Object(Illuminate\\Http\\Request))
#54 /home/o/obaaa/projects/SudanHD/vendor/laravel/framework/src/Illuminate/Foundation/Http/Kernel.php(151): Illuminate\\Pipeline\\Pipeline->then(Object(Closure))
#55 /home/o/obaaa/projects/SudanHD/vendor/laravel/framework/src/Illuminate/Foundation/Http/Kernel.php(116): Illuminate\\Foundation\\Http\\Kernel->sendRequestThroughRouter(Object(Illuminate\\Http\\Request))
#56 /home/o/obaaa/projects/SudanHD/public/index.php(52): Illuminate\\Foundation\\Http\\Kernel->handle(Object(Illuminate\\Http\\Request))
#57 /home/o/obaaa/projects/SudanHD/server.php(19): require_once('/home/o/obaaa/p...')
#58 {main}
"} 
[2019-10-05 15:45:11] local.ERROR: Class 'Locale' not found {"userId":1,"exception":"[object] (Symfony\\Component\\Debug\\Exception\\FatalThrowableError(code: 0): Class 'Locale' not found at /home/o/obaaa/projects/SudanHD/vendor/jeremykenedy/laravel-logger/src/app/Http/Traits/UserAgentDetails.php:95)
[stacktrace]
#0 /home/o/obaaa/projects/SudanHD/vendor/jeremykenedy/laravel-logger/src/app/Http/Controllers/LaravelLoggerController.php(52): jeremykenedy\\LaravelLogger\\App\\Http\\Traits\\UserAgentDetails::localeLang('ar,en;q=0.5')
#1 [internal function]: jeremykenedy\\LaravelLogger\\App\\Http\\Controllers\\LaravelLoggerController->jeremykenedy\\LaravelLogger\\App\\Http\\Controllers\\{closure}(Object(jeremykenedy\\LaravelLogger\\App\\Models\\Activity), 0)
#2 /home/o/obaaa/projects/SudanHD/vendor/laravel/framework/src/Illuminate/Support/Collection.php(638): array_map(Object(Closure), Array, Array)
#3 /home/o/obaaa/projects/SudanHD/vendor/laravel/framework/src/Illuminate/Database/Eloquent/Collection.php(254): Illuminate\\Support\\Collection->map(Object(Closure))
#4 /home/o/obaaa/projects/SudanHD/vendor/laravel/framework/src/Illuminate/Support/Traits/ForwardsCalls.php(23): Illuminate\\Database\\Eloquent\\Collection->map(Object(Closure))
#5 /home/o/obaaa/projects/SudanHD/vendor/laravel/framework/src/Illuminate/Pagination/AbstractPaginator.php(657): Illuminate\\Pagination\\AbstractPaginator->forwardCallTo(Object(Illuminate\\Database\\Eloquent\\Collection), 'map', Array)
#6 /home/o/obaaa/projects/SudanHD/vendor/jeremykenedy/laravel-logger/src/app/Http/Controllers/LaravelLoggerController.php(56): Illuminate\\Pagination\\AbstractPaginator->__call('map', Array)
#7 /home/o/obaaa/projects/SudanHD/vendor/jeremykenedy/laravel-logger/src/app/Http/Controllers/LaravelLoggerController.php(85): jeremykenedy\\LaravelLogger\\App\\Http\\Controllers\\LaravelLoggerController->mapAdditionalDetails(Object(Illuminate\\Pagination\\LengthAwarePaginator))
#8 [internal function]: jeremykenedy\\LaravelLogger\\App\\Http\\Controllers\\LaravelLoggerController->showAccessLog(Object(Illuminate\\Http\\Request))
#9 /home/o/obaaa/projects/SudanHD/vendor/laravel/framework/src/Illuminate/Routing/Controller.php(54): call_user_func_array(Array, Array)
#10 /home/o/obaaa/projects/SudanHD/vendor/laravel/framework/src/Illuminate/Routing/ControllerDispatcher.php(45): Illuminate\\Routing\\Controller->callAction('showAccessLog', Array)
#11 /home/o/obaaa/projects/SudanHD/vendor/laravel/framework/src/Illuminate/Routing/Route.php(219): Illuminate\\Routing\\ControllerDispatcher->dispatch(Object(Illuminate\\Routing\\Route), Object(jeremykenedy\\LaravelLogger\\App\\Http\\Controllers\\LaravelLoggerController), 'showAccessLog')
#12 /home/o/obaaa/projects/SudanHD/vendor/laravel/framework/src/Illuminate/Routing/Route.php(176): Illuminate\\Routing\\Route->runController()
#13 /home/o/obaaa/projects/SudanHD/vendor/laravel/framework/src/Illuminate/Routing/Router.php(680): Illuminate\\Routing\\Route->run()
#14 /home/o/obaaa/projects/SudanHD/vendor/laravel/framework/src/Illuminate/Pipeline/Pipeline.php(130): Illuminate\\Routing\\Router->Illuminate\\Routing\\{closure}(Object(Illuminate\\Http\\Request))
#15 /home/o/obaaa/projects/SudanHD/vendor/jeremykenedy/laravel-roles/src/App/Http/Middleware/VerifyRole.php(41): Illuminate\\Pipeline\\Pipeline->Illuminate\\Pipeline\\{closure}(Object(Illuminate\\Http\\Request))
#16 /home/o/obaaa/projects/SudanHD/vendor/laravel/framework/src/Illuminate/Pipeline/Pipeline.php(171): jeremykenedy\\LaravelRoles\\App\\Http\\Middleware\\VerifyRole->handle(Object(Illuminate\\Http\\Request), Object(Closure), 'admin')
#17 /home/o/obaaa/projects/SudanHD/vendor/jeremykenedy/laravel-logger/src/app/Http/Middleware/LogActivity.php(27): Illuminate\\Pipeline\\Pipeline->Illuminate\\Pipeline\\{closure}(Object(Illuminate\\Http\\Request))
#18 /home/o/obaaa/projects/SudanHD/vendor/laravel/framework/src/Illuminate/Pipeline/Pipeline.php(171): jeremykenedy\\LaravelLogger\\App\\Http\\Middleware\\LogActivity->handle(Object(Illuminate\\Http\\Request), Object(Closure))
#19 /home/o/obaaa/projects/SudanHD/vendor/laravel/framework/src/Illuminate/Routing/Middleware/SubstituteBindings.php(41): Illuminate\\Pipeline\\Pipeline->Illuminate\\Pipeline\\{closure}(Object(Illuminate\\Http\\Request))
#20 /home/o/obaaa/projects/SudanHD/vendor/laravel/framework/src/Illuminate/Pipeline/Pipeline.php(171): Illuminate\\Routing\\Middleware\\SubstituteBindings->handle(Object(Illuminate\\Http\\Request), Object(Closure))
#21 /home/o/obaaa/projects/SudanHD/vendor/laravel/framework/src/Illuminate/Auth/Middleware/Authenticate.php(43): Illuminate\\Pipeline\\Pipeline->Illuminate\\Pipeline\\{closure}(Object(Illuminate\\Http\\Request))
#22 /home/o/obaaa/projects/SudanHD/vendor/laravel/framework/src/Illuminate/Pipeline/Pipeline.php(171): Illuminate\\Auth\\Middleware\\Authenticate->handle(Object(Illuminate\\Http\\Request), Object(Closure))
#23 /home/o/obaaa/projects/SudanHD/vendor/laravel/framework/src/Illuminate/Foundation/Http/Middleware/VerifyCsrfToken.php(76): Illuminate\\Pipeline\\Pipeline->Illuminate\\Pipeline\\{closure}(Object(Illuminate\\Http\\Request))
#24 /home/o/obaaa/projects/SudanHD/vendor/laravel/framework/src/Illuminate/Pipeline/Pipeline.php(171): Illuminate\\Foundation\\Http\\Middleware\\VerifyCsrfToken->handle(Object(Illuminate\\Http\\Request), Object(Closure))
#25 /home/o/obaaa/projects/SudanHD/vendor/laravel/framework/src/Illuminate/View/Middleware/ShareErrorsFromSession.php(49): Illuminate\\Pipeline\\Pipeline->Illuminate\\Pipeline\\{closure}(Object(Illuminate\\Http\\Request))
#26 /home/o/obaaa/projects/SudanHD/vendor/laravel/framework/src/Illuminate/Pipeline/Pipeline.php(171): Illuminate\\View\\Middleware\\ShareErrorsFromSession->handle(Object(Illuminate\\Http\\Request), Object(Closure))
#27 /home/o/obaaa/projects/SudanHD/vendor/laravel/framework/src/Illuminate/Session/Middleware/StartSession.php(56): Illuminate\\Pipeline\\Pipeline->Illuminate\\Pipeline\\{closure}(Object(Illuminate\\Http\\Request))
#28 /home/o/obaaa/projects/SudanHD/vendor/laravel/framework/src/Illuminate/Pipeline/Pipeline.php(171): Illuminate\\Session\\Middleware\\StartSession->handle(Object(Illuminate\\Http\\Request), Object(Closure))
#29 /home/o/obaaa/projects/SudanHD/vendor/laravel/framework/src/Illuminate/Cookie/Middleware/AddQueuedCookiesToResponse.php(37): Illuminate\\Pipeline\\Pipeline->Illuminate\\Pipeline\\{closure}(Object(Illuminate\\Http\\Request))
#30 /home/o/obaaa/projects/SudanHD/vendor/laravel/framework/src/Illuminate/Pipeline/Pipeline.php(171): Illuminate\\Cookie\\Middleware\\AddQueuedCookiesToResponse->handle(Object(Illuminate\\Http\\Request), Object(Closure))
#31 /home/o/obaaa/projects/SudanHD/vendor/laravel/framework/src/Illuminate/Cookie/Middleware/EncryptCookies.php(66): Illuminate\\Pipeline\\Pipeline->Illuminate\\Pipeline\\{closure}(Object(Illuminate\\Http\\Request))
#32 /home/o/obaaa/projects/SudanHD/vendor/laravel/framework/src/Illuminate/Pipeline/Pipeline.php(171): Illuminate\\Cookie\\Middleware\\EncryptCookies->handle(Object(Illuminate\\Http\\Request), Object(Closure))
#33 /home/o/obaaa/projects/SudanHD/vendor/laravel/framework/src/Illuminate/Pipeline/Pipeline.php(105): Illuminate\\Pipeline\\Pipeline->Illuminate\\Pipeline\\{closure}(Object(Illuminate\\Http\\Request))
#34 /home/o/obaaa/projects/SudanHD/vendor/laravel/framework/src/Illuminate/Routing/Router.php(682): Illuminate\\Pipeline\\Pipeline->then(Object(Closure))
#35 /home/o/obaaa/projects/SudanHD/vendor/laravel/framework/src/Illuminate/Routing/Router.php(657): Illuminate\\Routing\\Router->runRouteWithinStack(Object(Illuminate\\Routing\\Route), Object(Illuminate\\Http\\Request))
#36 /home/o/obaaa/projects/SudanHD/vendor/laravel/framework/src/Illuminate/Routing/Router.php(623): Illuminate\\Routing\\Router->runRoute(Object(Illuminate\\Http\\Request), Object(Illuminate\\Routing\\Route))
#37 /home/o/obaaa/projects/SudanHD/vendor/laravel/framework/src/Illuminate/Routing/Router.php(612): Illuminate\\Routing\\Router->dispatchToRoute(Object(Illuminate\\Http\\Request))
#38 /home/o/obaaa/projects/SudanHD/vendor/laravel/framework/src/Illuminate/Foundation/Http/Kernel.php(176): Illuminate\\Routing\\Router->dispatch(Object(Illuminate\\Http\\Request))
#39 /home/o/obaaa/projects/SudanHD/vendor/laravel/framework/src/Illuminate/Pipeline/Pipeline.php(130): Illuminate\\Foundation\\Http\\Kernel->Illuminate\\Foundation\\Http\\{closure}(Object(Illuminate\\Http\\Request))
#40 /home/o/obaaa/projects/SudanHD/vendor/barryvdh/laravel-debugbar/src/Middleware/InjectDebugbar.php(65): Illuminate\\Pipeline\\Pipeline->Illuminate\\Pipeline\\{closure}(Object(Illuminate\\Http\\Request))
#41 /home/o/obaaa/projects/SudanHD/vendor/laravel/framework/src/Illuminate/Pipeline/Pipeline.php(171): Barryvdh\\Debugbar\\Middleware\\InjectDebugbar->handle(Object(Illuminate\\Http\\Request), Object(Closure))
#42 /home/o/obaaa/projects/SudanHD/vendor/fideloper/proxy/src/TrustProxies.php(57): Illuminate\\Pipeline\\Pipeline->Illuminate\\Pipeline\\{closure}(Object(Illuminate\\Http\\Request))
#43 /home/o/obaaa/projects/SudanHD/vendor/laravel/framework/src/Illuminate/Pipeline/Pipeline.php(171): Fideloper\\Proxy\\TrustProxies->handle(Object(Illuminate\\Http\\Request), Object(Closure))
#44 /home/o/obaaa/projects/SudanHD/vendor/laravel/framework/src/Illuminate/Foundation/Http/Middleware/TransformsRequest.php(21): Illuminate\\Pipeline\\Pipeline->Illuminate\\Pipeline\\{closure}(Object(Illuminate\\Http\\Request))
#45 /home/o/obaaa/projects/SudanHD/vendor/laravel/framework/src/Illuminate/Pipeline/Pipeline.php(171): Illuminate\\Foundation\\Http\\Middleware\\TransformsRequest->handle(Object(Illuminate\\Http\\Request), Object(Closure))
#46 /home/o/obaaa/projects/SudanHD/vendor/laravel/framework/src/Illuminate/Foundation/Http/Middleware/TransformsRequest.php(21): Illuminate\\Pipeline\\Pipeline->Illuminate\\Pipeline\\{closure}(Object(Illuminate\\Http\\Request))
#47 /home/o/obaaa/projects/SudanHD/vendor/laravel/framework/src/Illuminate/Pipeline/Pipeline.php(171): Illuminate\\Foundation\\Http\\Middleware\\TransformsRequest->handle(Object(Illuminate\\Http\\Request), Object(Closure))
#48 /home/o/obaaa/projects/SudanHD/vendor/laravel/framework/src/Illuminate/Foundation/Http/Middleware/ValidatePostSize.php(27): Illuminate\\Pipeline\\Pipeline->Illuminate\\Pipeline\\{closure}(Object(Illuminate\\Http\\Request))
#49 /home/o/obaaa/projects/SudanHD/vendor/laravel/framework/src/Illuminate/Pipeline/Pipeline.php(171): Illuminate\\Foundation\\Http\\Middleware\\ValidatePostSize->handle(Object(Illuminate\\Http\\Request), Object(Closure))
#50 /home/o/obaaa/projects/SudanHD/vendor/laravel/framework/src/Illuminate/Foundation/Http/Middleware/CheckForMaintenanceMode.php(62): Illuminate\\Pipeline\\Pipeline->Illuminate\\Pipeline\\{closure}(Object(Illuminate\\Http\\Request))
#51 /home/o/obaaa/projects/SudanHD/vendor/laravel/framework/src/Illuminate/Pipeline/Pipeline.php(171): Illuminate\\Foundation\\Http\\Middleware\\CheckForMaintenanceMode->handle(Object(Illuminate\\Http\\Request), Object(Closure))
#52 /home/o/obaaa/projects/SudanHD/vendor/laravel/framework/src/Illuminate/Pipeline/Pipeline.php(105): Illuminate\\Pipeline\\Pipeline->Illuminate\\Pipeline\\{closure}(Object(Illuminate\\Http\\Request))
#53 /home/o/obaaa/projects/SudanHD/vendor/laravel/framework/src/Illuminate/Foundation/Http/Kernel.php(151): Illuminate\\Pipeline\\Pipeline->then(Object(Closure))
#54 /home/o/obaaa/projects/SudanHD/vendor/laravel/framework/src/Illuminate/Foundation/Http/Kernel.php(116): Illuminate\\Foundation\\Http\\Kernel->sendRequestThroughRouter(Object(Illuminate\\Http\\Request))
#55 /home/o/obaaa/projects/SudanHD/public/index.php(52): Illuminate\\Foundation\\Http\\Kernel->handle(Object(Illuminate\\Http\\Request))
#56 /home/o/obaaa/projects/SudanHD/server.php(19): require_once('/home/o/obaaa/p...')
#57 {main}
"} 
